# JRE version: OpenJDK Runtime Environment Temurin-21.0.10+7 (21.0.10+7) (build 21.0.10+7-LTS)
# Java VM: OpenJDK 64-Bit Server VM Temurin-21.0.10+7 (21.0.10+7-LTS, mixed mode, sharing, tiered, compressed oops, compressed class ptrs, parallel gc, windows-amd64)
GC Precious Log:
 CardTable entry size: 512
 CPUs: 8 total, 8 available
 Memory: 7455M
 Large Page Support: Disabled
 NUMA Support: Disabled
 Compressed Oops: Enabled (32-bit)
 Alignments: Space 512K, Generation 512K, Heap 2M
 Heap Min Capacity: 100M
 Heap Initial Capacity: 100M
 Heap Max Capacity: 2G
 Pre-touch: Disabled
 Parallel Workers: 8
Heap:
 PSYoungGen      total 4608K, used 3413K [0x00000000d5580000, 0x00000000d5b00000, 0x0000000100000000)
  eden space 3584K, 72% used [0x00000000d5580000,0x00000000d5809478,0x00000000d5900000)
  from space 1024K, 79% used [0x00000000d5a00000,0x00000000d5acc268,0x00000000d5b00000)
  to   space 1024K, 0% used [0x00000000d5900000,0x00000000d5900000,0x00000000d5a00000)
 ParOldGen       total 98816K, used 96549K [0x0000000080000000, 0x0000000086080000, 0x00000000d5580000)
  object space 98816K, 97% used [0x0000000080000000,0x0000000085e49458,0x0000000086080000)
 Metaspace       used 58777K, committed 60160K, reserved 1114112K
  class space    used 6208K, committed 6784K, reserved 1048576K
GC Heap History (20 events):
Event: 14.231 GC heap before
{Heap before GC invocations=82 (full 3):
 PSYoungGen      total 5632K, used 5392K [0x00000000d5580000, 0x00000000d5c00000, 0x0000000100000000)
  eden space 4608K, 100% used [0x00000000d5580000,0x00000000d5a00000,0x00000000d5a00000)
  from space 1024K, 76% used [0x00000000d5b00000,0x00000000d5bc4010,0x00000000d5c00000)
  to   space 1024K, 0% used [0x00000000d5a00000,0x00000000d5a00000,0x00000000d5b00000)
 ParOldGen       total 98816K, used 87190K [0x0000000080000000, 0x0000000086080000, 0x00000000d5580000)
  object space 98816K, 88% used [0x0000000080000000,0x0000000085525b30,0x0000000086080000)
 Metaspace       used 58598K, committed 59904K, reserved 1114112K
  class space    used 6208K, committed 6784K, reserved 1048576K
}
Event: 14.233 GC heap after
{Heap after GC invocations=82 (full 3):
 PSYoungGen      total 5632K, used 959K [0x00000000d5580000, 0x00000000d5c00000, 0x0000000100000000)
  eden space 4608K, 0% used [0x00000000d5580000,0x00000000d5580000,0x00000000d5a00000)
  from space 1024K, 93% used [0x00000000d5a00000,0x00000000d5aeff50,0x00000000d5b00000)
  to   space 1024K, 0% used [0x00000000d5b00000,0x00000000d5b00000,0x00000000d5c00000)
 ParOldGen       total 98816K, used 87841K [0x0000000080000000, 0x0000000086080000, 0x00000000d5580000)
  object space 98816K, 88% used [0x0000000080000000,0x00000000855c8780,0x0000000086080000)
 Metaspace       used 58598K, committed 59904K, reserved 1114112K
  class space    used 6208K, committed 6784K, reserved 1048576K
}
Event: 14.281 GC heap before
{Heap before GC invocations=83 (full 3):
 PSYoungGen      total 5632K, used 5567K [0x00000000d5580000, 0x00000000d5c00000, 0x0000000100000000)
  eden space 4608K, 100% used [0x00000000d5580000,0x00000000d5a00000,0x00000000d5a00000)
  from space 1024K, 93% used [0x00000000d5a00000,0x00000000d5aeff50,0x00000000d5b00000)
  to   space 1024K, 0% used [0x00000000d5b00000,0x00000000d5b00000,0x00000000d5c00000)
 ParOldGen       total 98816K, used 87841K [0x0000000080000000, 0x0000000086080000, 0x00000000d5580000)
  object space 98816K, 88% used [0x0000000080000000,0x00000000855c8780,0x0000000086080000)
 Metaspace       used 58605K, committed 59904K, reserved 1114112K
  class space    used 6208K, committed 6784K, reserved 1048576K
}
Event: 14.283 GC heap after
{Heap after GC invocations=83 (full 3):
 PSYoungGen      total 4608K, used 992K [0x00000000d5580000, 0x00000000d5e00000, 0x0000000100000000)
  eden space 3584K, 0% used [0x00000000d5580000,0x00000000d5580000,0x00000000d5900000)
  from space 1024K, 96% used [0x00000000d5b00000,0x00000000d5bf8020,0x00000000d5c00000)
  to   space 2048K, 0% used [0x00000000d5900000,0x00000000d5900000,0x00000000d5b00000)
 ParOldGen       total 98816K, used 88674K [0x0000000080000000, 0x0000000086080000, 0x00000000d5580000)
  object space 98816K, 89% used [0x0000000080000000,0x0000000085698890,0x0000000086080000)
 Metaspace       used 58605K, committed 59904K, reserved 1114112K
  class space    used 6208K, committed 6784K, reserved 1048576K
}
Event: 14.327 GC heap before
{Heap before GC invocations=84 (full 3):
 PSYoungGen      total 4608K, used 4576K [0x00000000d5580000, 0x00000000d5e00000, 0x0000000100000000)
  eden space 3584K, 100% used [0x00000000d5580000,0x00000000d5900000,0x00000000d5900000)
  from space 1024K, 96% used [0x00000000d5b00000,0x00000000d5bf8020,0x00000000d5c00000)
  to   space 2048K, 0% used [0x00000000d5900000,0x00000000d5900000,0x00000000d5b00000)
 ParOldGen       total 98816K, used 88674K [0x0000000080000000, 0x0000000086080000, 0x00000000d5580000)
  object space 98816K, 89% used [0x0000000080000000,0x0000000085698890,0x0000000086080000)
 Metaspace       used 58610K, committed 59904K, reserved 1114112K
  class space    used 6208K, committed 6784K, reserved 1048576K
}
Event: 14.329 GC heap after
{Heap after GC invocations=84 (full 3):
 PSYoungGen      total 4608K, used 832K [0x00000000d5580000, 0x00000000d5c00000, 0x0000000100000000)
  eden space 3584K, 0% used [0x00000000d5580000,0x00000000d5580000,0x00000000d5900000)
  from space 1024K, 81% used [0x00000000d5900000,0x00000000d59d0000,0x00000000d5a00000)
  to   space 1536K, 0% used [0x00000000d5a80000,0x00000000d5a80000,0x00000000d5c00000)
 ParOldGen       total 98816K, used 89570K [0x0000000080000000, 0x0000000086080000, 0x00000000d5580000)
  object space 98816K, 90% used [0x0000000080000000,0x0000000085778b88,0x0000000086080000)
 Metaspace       used 58610K, committed 59904K, reserved 1114112K
  class space    used 6208K, committed 6784K, reserved 1048576K
}
Event: 14.356 GC heap before
{Heap before GC invocations=85 (full 3):
 PSYoungGen      total 4608K, used 4416K [0x00000000d5580000, 0x00000000d5c00000, 0x0000000100000000)
  eden space 3584K, 100% used [0x00000000d5580000,0x00000000d5900000,0x00000000d5900000)
  from space 1024K, 81% used [0x00000000d5900000,0x00000000d59d0000,0x00000000d5a00000)
  to   space 1536K, 0% used [0x00000000d5a80000,0x00000000d5a80000,0x00000000d5c00000)
 ParOldGen       total 98816K, used 89570K [0x0000000080000000, 0x0000000086080000, 0x00000000d5580000)
  object space 98816K, 90% used [0x0000000080000000,0x0000000085778b88,0x0000000086080000)
 Metaspace       used 58625K, committed 59904K, reserved 1114112K
  class space    used 6208K, committed 6784K, reserved 1048576K
}
Event: 14.357 GC heap after
{Heap after GC invocations=85 (full 3):
 PSYoungGen      total 4608K, used 608K [0x00000000d5580000, 0x00000000d5b80000, 0x0000000100000000)
  eden space 3584K, 0% used [0x00000000d5580000,0x00000000d5580000,0x00000000d5900000)
  from space 1024K, 59% used [0x00000000d5a80000,0x00000000d5b18000,0x00000000d5b80000)
  to   space 1024K, 0% used [0x00000000d5900000,0x00000000d5900000,0x00000000d5a00000)
 ParOldGen       total 98816K, used 90298K [0x0000000080000000, 0x0000000086080000, 0x00000000d5580000)
  object space 98816K, 91% used [0x0000000080000000,0x000000008582ebb8,0x0000000086080000)
 Metaspace       used 58625K, committed 59904K, reserved 1114112K
  class space    used 6208K, committed 6784K, reserved 1048576K
}
Event: 14.381 GC heap before
{Heap before GC invocations=86 (full 3):
 PSYoungGen      total 4608K, used 4192K [0x00000000d5580000, 0x00000000d5b80000, 0x0000000100000000)
  eden space 3584K, 100% used [0x00000000d5580000,0x00000000d5900000,0x00000000d5900000)
  from space 1024K, 59% used [0x00000000d5a80000,0x00000000d5b18000,0x00000000d5b80000)
  to   space 1024K, 0% used [0x00000000d5900000,0x00000000d5900000,0x00000000d5a00000)
 ParOldGen       total 98816K, used 90298K [0x0000000080000000, 0x0000000086080000, 0x00000000d5580000)
  object space 98816K, 91% used [0x0000000080000000,0x000000008582ebb8,0x0000000086080000)
 Metaspace       used 58685K, committed 59968K, reserved 1114112K
  class space    used 6208K, committed 6784K, reserved 1048576K
}
Event: 14.383 GC heap after
{Heap after GC invocations=86 (full 3):
 PSYoungGen      total 4608K, used 576K [0x00000000d5580000, 0x00000000d5b00000, 0x0000000100000000)
  eden space 3584K, 0% used [0x00000000d5580000,0x00000000d5580000,0x00000000d5900000)
  from space 1024K, 56% used [0x00000000d5900000,0x00000000d5990000,0x00000000d5a00000)
  to   space 1024K, 0% used [0x00000000d5a00000,0x00000000d5a00000,0x00000000d5b00000)
 ParOldGen       total 98816K, used 90812K [0x0000000080000000, 0x0000000086080000, 0x00000000d5580000)
  object space 98816K, 91% used [0x0000000080000000,0x00000000858af088,0x0000000086080000)
 Metaspace       used 58685K, committed 59968K, reserved 1114112K
  class space    used 6208K, committed 6784K, reserved 1048576K
}
Event: 14.435 GC heap before
{Heap before GC invocations=87 (full 3):
 PSYoungGen      total 4608K, used 4146K [0x00000000d5580000, 0x00000000d5b00000, 0x0000000100000000)
  eden space 3584K, 99% used [0x00000000d5580000,0x00000000d58fc818,0x00000000d5900000)
  from space 1024K, 56% used [0x00000000d5900000,0x00000000d5990000,0x00000000d5a00000)
  to   space 1024K, 0% used [0x00000000d5a00000,0x00000000d5a00000,0x00000000d5b00000)
 ParOldGen       total 98816K, used 90812K [0x0000000080000000, 0x0000000086080000, 0x00000000d5580000)
  object space 98816K, 91% used [0x0000000080000000,0x00000000858af088,0x0000000086080000)
 Metaspace       used 58690K, committed 59968K, reserved 1114112K
  class space    used 6208K, committed 6784K, reserved 1048576K
}
Event: 14.438 GC heap after
{Heap after GC invocations=87 (full 3):
 PSYoungGen      total 4608K, used 700K [0x00000000d5580000, 0x00000000d5b00000, 0x0000000100000000)
  eden space 3584K, 0% used [0x00000000d5580000,0x00000000d5580000,0x00000000d5900000)
  from space 1024K, 68% used [0x00000000d5a00000,0x00000000d5aaf068,0x00000000d5b00000)
  to   space 1024K, 0% used [0x00000000d5900000,0x00000000d5900000,0x00000000d5a00000)
 ParOldGen       total 98816K, used 91323K [0x0000000080000000, 0x0000000086080000, 0x00000000d5580000)
  object space 98816K, 92% used [0x0000000080000000,0x000000008592eef8,0x0000000086080000)
 Metaspace       used 58690K, committed 59968K, reserved 1114112K
  class space    used 6208K, committed 6784K, reserved 1048576K
}
Event: 14.464 GC heap before
{Heap before GC invocations=88 (full 3):
 PSYoungGen      total 4608K, used 4284K [0x00000000d5580000, 0x00000000d5b00000, 0x0000000100000000)
  eden space 3584K, 100% used [0x00000000d5580000,0x00000000d5900000,0x00000000d5900000)
  from space 1024K, 68% used [0x00000000d5a00000,0x00000000d5aaf068,0x00000000d5b00000)
  to   space 1024K, 0% used [0x00000000d5900000,0x00000000d5900000,0x00000000d5a00000)
 ParOldGen       total 98816K, used 91323K [0x0000000080000000, 0x0000000086080000, 0x00000000d5580000)
  object space 98816K, 92% used [0x0000000080000000,0x000000008592eef8,0x0000000086080000)
 Metaspace       used 58710K, committed 59968K, reserved 1114112K
  class space    used 6208K, committed 6784K, reserved 1048576K
}
Event: 14.465 GC heap after
{Heap after GC invocations=88 (full 3):
 PSYoungGen      total 4608K, used 667K [0x00000000d5580000, 0x00000000d5b00000, 0x0000000100000000)
  eden space 3584K, 0% used [0x00000000d5580000,0x00000000d5580000,0x00000000d5900000)
  from space 1024K, 65% used [0x00000000d5900000,0x00000000d59a6ef0,0x00000000d5a00000)
  to   space 1024K, 0% used [0x00000000d5a00000,0x00000000d5a00000,0x00000000d5b00000)
 ParOldGen       total 98816K, used 91950K [0x0000000080000000, 0x0000000086080000, 0x00000000d5580000)
  object space 98816K, 93% used [0x0000000080000000,0x00000000859cb9e0,0x0000000086080000)
 Metaspace       used 58710K, committed 59968K, reserved 1114112K
  class space    used 6208K, committed 6784K, reserved 1048576K
}
Event: 14.479 GC heap before
{Heap before GC invocations=89 (full 3):
 PSYoungGen      total 4608K, used 4251K [0x00000000d5580000, 0x00000000d5b00000, 0x0000000100000000)
  eden space 3584K, 100% used [0x00000000d5580000,0x00000000d5900000,0x00000000d5900000)
  from space 1024K, 65% used [0x00000000d5900000,0x00000000d59a6ef0,0x00000000d5a00000)
  to   space 1024K, 0% used [0x00000000d5a00000,0x00000000d5a00000,0x00000000d5b00000)
 ParOldGen       total 98816K, used 91950K [0x0000000080000000, 0x0000000086080000, 0x00000000d5580000)
  object space 98816K, 93% used [0x0000000080000000,0x00000000859cb9e0,0x0000000086080000)
 Metaspace       used 58711K, committed 60032K, reserved 1114112K
  class space    used 6208K, committed 6784K, reserved 1048576K
}
Event: 14.480 GC heap after
{Heap after GC invocations=89 (full 3):
 PSYoungGen      total 4608K, used 733K [0x00000000d5580000, 0x00000000d5b00000, 0x0000000100000000)
  eden space 3584K, 0% used [0x00000000d5580000,0x00000000d5580000,0x00000000d5900000)
  from space 1024K, 71% used [0x00000000d5a00000,0x00000000d5ab7670,0x00000000d5b00000)
  to   space 1024K, 0% used [0x00000000d5900000,0x00000000d5900000,0x00000000d5a00000)
 ParOldGen       total 98816K, used 92552K [0x0000000080000000, 0x0000000086080000, 0x00000000d5580000)
  object space 98816K, 93% used [0x0000000080000000,0x0000000085a62260,0x0000000086080000)
 Metaspace       used 58711K, committed 60032K, reserved 1114112K
  class space    used 6208K, committed 6784K, reserved 1048576K
}
Event: 14.495 GC heap before
{Heap before GC invocations=90 (full 3):
 PSYoungGen      total 4608K, used 4317K [0x00000000d5580000, 0x00000000d5b00000, 0x0000000100000000)
  eden space 3584K, 100% used [0x00000000d5580000,0x00000000d5900000,0x00000000d5900000)
  from space 1024K, 71% used [0x00000000d5a00000,0x00000000d5ab7670,0x00000000d5b00000)
  to   space 1024K, 0% used [0x00000000d5900000,0x00000000d5900000,0x00000000d5a00000)
 ParOldGen       total 98816K, used 92552K [0x0000000080000000, 0x0000000086080000, 0x00000000d5580000)
  object space 98816K, 93% used [0x0000000080000000,0x0000000085a62260,0x0000000086080000)
 Metaspace       used 58743K, committed 60096K, reserved 1114112K
  class space    used 6208K, committed 6784K, reserved 1048576K
}
Event: 14.497 GC heap after
{Heap after GC invocations=90 (full 3):
 PSYoungGen      total 4608K, used 717K [0x00000000d5580000, 0x00000000d5b00000, 0x0000000100000000)
  eden space 3584K, 0% used [0x00000000d5580000,0x00000000d5580000,0x00000000d5900000)
  from space 1024K, 70% used [0x00000000d5900000,0x00000000d59b35f8,0x00000000d5a00000)
  to   space 1024K, 0% used [0x00000000d5a00000,0x00000000d5a00000,0x00000000d5b00000)
 ParOldGen       total 98816K, used 93232K [0x0000000080000000, 0x0000000086080000, 0x00000000d5580000)
  object space 98816K, 94% used [0x0000000080000000,0x0000000085b0c060,0x0000000086080000)
 Metaspace       used 58743K, committed 60096K, reserved 1114112K
  class space    used 6208K, committed 6784K, reserved 1048576K
}
Event: 14.524 GC heap before
{Heap before GC invocations=91 (full 3):
 PSYoungGen      total 4608K, used 4301K [0x00000000d5580000, 0x00000000d5b00000, 0x0000000100000000)
  eden space 3584K, 100% used [0x00000000d5580000,0x00000000d5900000,0x00000000d5900000)
  from space 1024K, 70% used [0x00000000d5900000,0x00000000d59b35f8,0x00000000d5a00000)
  to   space 1024K, 0% used [0x00000000d5a00000,0x00000000d5a00000,0x00000000d5b00000)
 ParOldGen       total 98816K, used 93232K [0x0000000080000000, 0x0000000086080000, 0x00000000d5580000)
  object space 98816K, 94% used [0x0000000080000000,0x0000000085b0c060,0x0000000086080000)
 Metaspace       used 58749K, committed 60096K, reserved 1114112K
  class space    used 6208K, committed 6784K, reserved 1048576K
}
Event: 14.525 GC heap after
{Heap after GC invocations=91 (full 3):
 PSYoungGen      total 4608K, used 730K [0x00000000d5580000, 0x00000000d5b00000, 0x0000000100000000)
  eden space 3584K, 0% used [0x00000000d5580000,0x00000000d5580000,0x00000000d5900000)
  from space 1024K, 71% used [0x00000000d5a00000,0x00000000d5ab6b58,0x00000000d5b00000)
  to   space 1024K, 0% used [0x00000000d5900000,0x00000000d5900000,0x00000000d5a00000)
 ParOldGen       total 98816K, used 93853K [0x0000000080000000, 0x0000000086080000, 0x00000000d5580000)
  object space 98816K, 94% used [0x0000000080000000,0x0000000085ba76b0,0x0000000086080000)
 Metaspace       used 58749K, committed 60096K, reserved 1114112K
  class space    used 6208K, committed 6784K, reserved 1048576K
}

