# JRE version: OpenJDK Runtime Environment Temurin-21.0.10+7 (21.0.10+7) (build 21.0.10+7-LTS)
# Java VM: OpenJDK 64-Bit Server VM Temurin-21.0.10+7 (21.0.10+7-LTS, mixed mode, sharing, tiered, compressed oops, compressed class ptrs, parallel gc, windows-amd64)
GC Precious Log:
 CardTable entry size: 512
 CPUs: 8 total, 8 available
 Memory: 7455M
 Large Page Support: Disabled
 NUMA Support: Disabled
 Compressed Oops: Enabled (32-bit)
 Alignments: Space 512K, Generation 512K, Heap 2M
 Heap Min Capacity: 100M
 Heap Initial Capacity: 100M
 Heap Max Capacity: 2G
 Pre-touch: Disabled
 Parallel Workers: 8
Heap:
 PSYoungGen      total 14336K, used 2041K [0x00000000d5580000, 0x00000000d6700000, 0x0000000100000000)
  eden space 12288K, 0% used [0x00000000d5580000,0x00000000d5580000,0x00000000d6180000)
  from space 2048K, 99% used [0x00000000d6300000,0x00000000d64fe630,0x00000000d6500000)
  to   space 2048K, 0% used [0x00000000d6500000,0x00000000d6500000,0x00000000d6700000)
 ParOldGen       total 146432K, used 132000K [0x0000000080000000, 0x0000000088f00000, 0x00000000d5580000)
  object space 146432K, 90% used [0x0000000080000000,0x00000000880e83a8,0x0000000088f00000)
 Metaspace       used 58554K, committed 59968K, reserved 1114112K
  class space    used 6207K, committed 6784K, reserved 1048576K
GC Heap History (20 events):
Event: 11.911 GC heap after
{Heap after GC invocations=70 (full 2):
 PSYoungGen      total 11776K, used 2020K [0x00000000d5580000, 0x00000000d6b00000, 0x0000000100000000)
  eden space 9728K, 0% used [0x00000000d5580000,0x00000000d5580000,0x00000000d5f00000)
  from space 2048K, 98% used [0x00000000d6400000,0x00000000d65f9138,0x00000000d6600000)
  to   space 5120K, 0% used [0x00000000d5f00000,0x00000000d5f00000,0x00000000d6400000)
 ParOldGen       total 133632K, used 133362K [0x0000000080000000, 0x0000000088280000, 0x00000000d5580000)
  object space 133632K, 99% used [0x0000000080000000,0x000000008823c980,0x0000000088280000)
 Metaspace       used 58218K, committed 59584K, reserved 1114112K
  class space    used 6201K, committed 6784K, reserved 1048576K
}
Event: 11.961 GC heap before
{Heap before GC invocations=71 (full 2):
 PSYoungGen      total 11776K, used 11748K [0x00000000d5580000, 0x00000000d6b00000, 0x0000000100000000)
  eden space 9728K, 100% used [0x00000000d5580000,0x00000000d5f00000,0x00000000d5f00000)
  from space 2048K, 98% used [0x00000000d6400000,0x00000000d65f9138,0x00000000d6600000)
  to   space 5120K, 0% used [0x00000000d5f00000,0x00000000d5f00000,0x00000000d6400000)
 ParOldGen       total 133632K, used 133362K [0x0000000080000000, 0x0000000088280000, 0x00000000d5580000)
  object space 133632K, 99% used [0x0000000080000000,0x000000008823c980,0x0000000088280000)
 Metaspace       used 58257K, committed 59648K, reserved 1114112K
  class space    used 6202K, committed 6784K, reserved 1048576K
}
Event: 12.973 GC heap after
{Heap after GC invocations=71 (full 2):
 PSYoungGen      total 14848K, used 2226K [0x00000000d5580000, 0x00000000d6700000, 0x0000000100000000)
  eden space 9728K, 0% used [0x00000000d5580000,0x00000000d5580000,0x00000000d5f00000)
  from space 5120K, 43% used [0x00000000d5f00000,0x00000000d612cb28,0x00000000d6400000)
  to   space 3072K, 0% used [0x00000000d6400000,0x00000000d6400000,0x00000000d6700000)
 ParOldGen       total 135680K, used 135316K [0x0000000080000000, 0x0000000088480000, 0x00000000d5580000)
  object space 135680K, 99% used [0x0000000080000000,0x00000000884252d8,0x0000000088480000)
 Metaspace       used 58257K, committed 59648K, reserved 1114112K
  class space    used 6202K, committed 6784K, reserved 1048576K
}
Event: 13.044 GC heap before
{Heap before GC invocations=72 (full 2):
 PSYoungGen      total 14848K, used 11954K [0x00000000d5580000, 0x00000000d6700000, 0x0000000100000000)
  eden space 9728K, 100% used [0x00000000d5580000,0x00000000d5f00000,0x00000000d5f00000)
  from space 5120K, 43% used [0x00000000d5f00000,0x00000000d612cb28,0x00000000d6400000)
  to   space 3072K, 0% used [0x00000000d6400000,0x00000000d6400000,0x00000000d6700000)
 ParOldGen       total 135680K, used 135316K [0x0000000080000000, 0x0000000088480000, 0x00000000d5580000)
  object space 135680K, 99% used [0x0000000080000000,0x00000000884252d8,0x0000000088480000)
 Metaspace       used 58336K, committed 59712K, reserved 1114112K
  class space    used 6206K, committed 6784K, reserved 1048576K
}
Event: 13.048 GC heap after
{Heap after GC invocations=72 (full 2):
 PSYoungGen      total 14336K, used 2096K [0x00000000d5580000, 0x00000000d6680000, 0x0000000100000000)
  eden space 11776K, 0% used [0x00000000d5580000,0x00000000d5580000,0x00000000d6100000)
  from space 2560K, 81% used [0x00000000d6400000,0x00000000d660c158,0x00000000d6680000)
  to   space 2560K, 0% used [0x00000000d6180000,0x00000000d6180000,0x00000000d6400000)
 ParOldGen       total 137728K, used 137317K [0x0000000080000000, 0x0000000088680000, 0x00000000d5580000)
  object space 137728K, 99% used [0x0000000080000000,0x00000000886195c0,0x0000000088680000)
 Metaspace       used 58336K, committed 59712K, reserved 1114112K
  class space    used 6206K, committed 6784K, reserved 1048576K
}
Event: 13.138 GC heap before
{Heap before GC invocations=73 (full 2):
 PSYoungGen      total 14336K, used 13872K [0x00000000d5580000, 0x00000000d6680000, 0x0000000100000000)
  eden space 11776K, 100% used [0x00000000d5580000,0x00000000d6100000,0x00000000d6100000)
  from space 2560K, 81% used [0x00000000d6400000,0x00000000d660c158,0x00000000d6680000)
  to   space 2560K, 0% used [0x00000000d6180000,0x00000000d6180000,0x00000000d6400000)
 ParOldGen       total 137728K, used 137317K [0x0000000080000000, 0x0000000088680000, 0x00000000d5580000)
  object space 137728K, 99% used [0x0000000080000000,0x00000000886195c0,0x0000000088680000)
 Metaspace       used 58394K, committed 59776K, reserved 1114112K
  class space    used 6206K, committed 6784K, reserved 1048576K
}
Event: 13.145 GC heap after
{Heap after GC invocations=73 (full 2):
 PSYoungGen      total 14848K, used 2281K [0x00000000d5580000, 0x00000000d6880000, 0x0000000100000000)
  eden space 12288K, 0% used [0x00000000d5580000,0x00000000d5580000,0x00000000d6180000)
  from space 2560K, 89% used [0x00000000d6180000,0x00000000d63ba5e8,0x00000000d6400000)
  to   space 2560K, 0% used [0x00000000d6600000,0x00000000d6600000,0x00000000d6880000)
 ParOldGen       total 139776K, used 139297K [0x0000000080000000, 0x0000000088880000, 0x00000000d5580000)
  object space 139776K, 99% used [0x0000000080000000,0x0000000088808410,0x0000000088880000)
 Metaspace       used 58394K, committed 59776K, reserved 1114112K
  class space    used 6206K, committed 6784K, reserved 1048576K
}
Event: 13.261 GC heap before
{Heap before GC invocations=74 (full 2):
 PSYoungGen      total 14848K, used 14569K [0x00000000d5580000, 0x00000000d6880000, 0x0000000100000000)
  eden space 12288K, 100% used [0x00000000d5580000,0x00000000d6180000,0x00000000d6180000)
  from space 2560K, 89% used [0x00000000d6180000,0x00000000d63ba5e8,0x00000000d6400000)
  to   space 2560K, 0% used [0x00000000d6600000,0x00000000d6600000,0x00000000d6880000)
 ParOldGen       total 139776K, used 139297K [0x0000000080000000, 0x0000000088880000, 0x00000000d5580000)
  object space 139776K, 99% used [0x0000000080000000,0x0000000088808410,0x0000000088880000)
 Metaspace       used 58412K, committed 59776K, reserved 1114112K
  class space    used 6206K, committed 6784K, reserved 1048576K
}
Event: 13.265 GC heap after
{Heap after GC invocations=74 (full 2):
 PSYoungGen      total 14848K, used 2360K [0x00000000d5580000, 0x00000000d6880000, 0x0000000100000000)
  eden space 12288K, 0% used [0x00000000d5580000,0x00000000d5580000,0x00000000d6180000)
  from space 2560K, 92% used [0x00000000d6600000,0x00000000d684e178,0x00000000d6880000)
  to   space 2560K, 0% used [0x00000000d6180000,0x00000000d6180000,0x00000000d6400000)
 ParOldGen       total 141824K, used 141423K [0x0000000080000000, 0x0000000088a80000, 0x00000000d5580000)
  object space 141824K, 99% used [0x0000000080000000,0x0000000088a1bf10,0x0000000088a80000)
 Metaspace       used 58412K, committed 59776K, reserved 1114112K
  class space    used 6206K, committed 6784K, reserved 1048576K
}
Event: 13.345 GC heap before
{Heap before GC invocations=75 (full 2):
 PSYoungGen      total 14848K, used 14638K [0x00000000d5580000, 0x00000000d6880000, 0x0000000100000000)
  eden space 12288K, 99% used [0x00000000d5580000,0x00000000d617d8e0,0x00000000d6180000)
  from space 2560K, 92% used [0x00000000d6600000,0x00000000d684e178,0x00000000d6880000)
  to   space 2560K, 0% used [0x00000000d6180000,0x00000000d6180000,0x00000000d6400000)
 ParOldGen       total 141824K, used 141423K [0x0000000080000000, 0x0000000088a80000, 0x00000000d5580000)
  object space 141824K, 99% used [0x0000000080000000,0x0000000088a1bf10,0x0000000088a80000)
 Metaspace       used 58429K, committed 59776K, reserved 1114112K
  class space    used 6206K, committed 6784K, reserved 1048576K
}
Event: 13.350 GC heap after
{Heap after GC invocations=75 (full 2):
 PSYoungGen      total 14848K, used 2531K [0x00000000d5580000, 0x00000000d6c80000, 0x0000000100000000)
  eden space 12288K, 0% used [0x00000000d5580000,0x00000000d5580000,0x00000000d6180000)
  from space 2560K, 98% used [0x00000000d6180000,0x00000000d63f8d10,0x00000000d6400000)
  to   space 5632K, 0% used [0x00000000d6700000,0x00000000d6700000,0x00000000d6c80000)
 ParOldGen       total 143872K, used 143868K [0x0000000080000000, 0x0000000088c80000, 0x00000000d5580000)
  object space 143872K, 99% used [0x0000000080000000,0x0000000088c7f1d0,0x0000000088c80000)
 Metaspace       used 58429K, committed 59776K, reserved 1114112K
  class space    used 6206K, committed 6784K, reserved 1048576K
}
Event: 13.514 GC heap before
{Heap before GC invocations=76 (full 2):
 PSYoungGen      total 14848K, used 11891K [0x00000000d5580000, 0x00000000d6c80000, 0x0000000100000000)
  eden space 12288K, 76% used [0x00000000d5580000,0x00000000d5ea3f10,0x00000000d6180000)
  from space 2560K, 98% used [0x00000000d6180000,0x00000000d63f8d10,0x00000000d6400000)
  to   space 5632K, 0% used [0x00000000d6700000,0x00000000d6700000,0x00000000d6c80000)
 ParOldGen       total 143872K, used 143868K [0x0000000080000000, 0x0000000088c80000, 0x00000000d5580000)
  object space 143872K, 99% used [0x0000000080000000,0x0000000088c7f1d0,0x0000000088c80000)
 Metaspace       used 58459K, committed 59776K, reserved 1114112K
  class space    used 6207K, committed 6784K, reserved 1048576K
}
Event: 13.517 GC heap after
{Heap after GC invocations=76 (full 2):
 PSYoungGen      total 14848K, used 2129K [0x00000000d5580000, 0x00000000d6980000, 0x0000000100000000)
  eden space 12288K, 0% used [0x00000000d5580000,0x00000000d5580000,0x00000000d6180000)
  from space 2560K, 83% used [0x00000000d6700000,0x00000000d6914730,0x00000000d6980000)
  to   space 3584K, 0% used [0x00000000d6280000,0x00000000d6280000,0x00000000d6600000)
 ParOldGen       total 146432K, used 146306K [0x0000000080000000, 0x0000000088f00000, 0x00000000d5580000)
  object space 146432K, 99% used [0x0000000080000000,0x0000000088ee0b08,0x0000000088f00000)
 Metaspace       used 58459K, committed 59776K, reserved 1114112K
  class space    used 6207K, committed 6784K, reserved 1048576K
}
Event: 13.517 GC heap before
{Heap before GC invocations=77 (full 3):
 PSYoungGen      total 14848K, used 2129K [0x00000000d5580000, 0x00000000d6980000, 0x0000000100000000)
  eden space 12288K, 0% used [0x00000000d5580000,0x00000000d5580000,0x00000000d6180000)
  from space 2560K, 83% used [0x00000000d6700000,0x00000000d6914730,0x00000000d6980000)
  to   space 3584K, 0% used [0x00000000d6280000,0x00000000d6280000,0x00000000d6600000)
 ParOldGen       total 146432K, used 146306K [0x0000000080000000, 0x0000000088f00000, 0x00000000d5580000)
  object space 146432K, 99% used [0x0000000080000000,0x0000000088ee0b08,0x0000000088f00000)
 Metaspace       used 58459K, committed 59776K, reserved 1114112K
  class space    used 6207K, committed 6784K, reserved 1048576K
}
Event: 13.654 GC heap after
{Heap after GC invocations=77 (full 3):
 PSYoungGen      total 14848K, used 0K [0x00000000d5580000, 0x00000000d6980000, 0x0000000100000000)
  eden space 12288K, 0% used [0x00000000d5580000,0x00000000d5580000,0x00000000d6180000)
  from space 2560K, 0% used [0x00000000d6700000,0x00000000d6700000,0x00000000d6980000)
  to   space 3584K, 0% used [0x00000000d6280000,0x00000000d6280000,0x00000000d6600000)
 ParOldGen       total 146432K, used 127928K [0x0000000080000000, 0x0000000088f00000, 0x00000000d5580000)
  object space 146432K, 87% used [0x0000000080000000,0x0000000087cee1c8,0x0000000088f00000)
 Metaspace       used 58459K, committed 59776K, reserved 1114112K
  class space    used 6207K, committed 6784K, reserved 1048576K
}
Event: 13.717 GC heap before
{Heap before GC invocations=78 (full 3):
 PSYoungGen      total 14848K, used 12286K [0x00000000d5580000, 0x00000000d6980000, 0x0000000100000000)
  eden space 12288K, 99% used [0x00000000d5580000,0x00000000d617f908,0x00000000d6180000)
  from space 2560K, 0% used [0x00000000d6700000,0x00000000d6700000,0x00000000d6980000)
  to   space 3584K, 0% used [0x00000000d6280000,0x00000000d6280000,0x00000000d6600000)
 ParOldGen       total 146432K, used 127928K [0x0000000080000000, 0x0000000088f00000, 0x00000000d5580000)
  object space 146432K, 87% used [0x0000000080000000,0x0000000087cee1c8,0x0000000088f00000)
 Metaspace       used 58479K, committed 59840K, reserved 1114112K
  class space    used 6207K, committed 6784K, reserved 1048576K
}
Event: 13.719 GC heap after
{Heap after GC invocations=78 (full 3):
 PSYoungGen      total 14848K, used 2114K [0x00000000d5580000, 0x00000000d6780000, 0x0000000100000000)
  eden space 12288K, 0% used [0x00000000d5580000,0x00000000d5580000,0x00000000d6180000)
  from space 2560K, 82% used [0x00000000d6280000,0x00000000d64909c0,0x00000000d6500000)
  to   space 2560K, 0% used [0x00000000d6500000,0x00000000d6500000,0x00000000d6780000)
 ParOldGen       total 146432K, used 127936K [0x0000000080000000, 0x0000000088f00000, 0x00000000d5580000)
  object space 146432K, 87% used [0x0000000080000000,0x0000000087cf01c8,0x0000000088f00000)
 Metaspace       used 58479K, committed 59840K, reserved 1114112K
  class space    used 6207K, committed 6784K, reserved 1048576K
}
Event: 13.820 GC heap before
{Heap before GC invocations=79 (full 3):
 PSYoungGen      total 14848K, used 14402K [0x00000000d5580000, 0x00000000d6780000, 0x0000000100000000)
  eden space 12288K, 100% used [0x00000000d5580000,0x00000000d6180000,0x00000000d6180000)
  from space 2560K, 82% used [0x00000000d6280000,0x00000000d64909c0,0x00000000d6500000)
  to   space 2560K, 0% used [0x00000000d6500000,0x00000000d6500000,0x00000000d6780000)
 ParOldGen       total 146432K, used 127936K [0x0000000080000000, 0x0000000088f00000, 0x00000000d5580000)
  object space 146432K, 87% used [0x0000000080000000,0x0000000087cf01c8,0x0000000088f00000)
 Metaspace       used 58546K, committed 59968K, reserved 1114112K
  class space    used 6207K, committed 6784K, reserved 1048576K
}
Event: 13.823 GC heap after
{Heap after GC invocations=79 (full 3):
 PSYoungGen      total 14336K, used 1811K [0x00000000d5580000, 0x00000000d6700000, 0x0000000100000000)
  eden space 12288K, 0% used [0x00000000d5580000,0x00000000d5580000,0x00000000d6180000)
  from space 2048K, 88% used [0x00000000d6500000,0x00000000d66c4cd8,0x00000000d6700000)
  to   space 2048K, 0% used [0x00000000d6300000,0x00000000d6300000,0x00000000d6500000)
 ParOldGen       total 146432K, used 129941K [0x0000000080000000, 0x0000000088f00000, 0x00000000d5580000)
  object space 146432K, 88% used [0x0000000080000000,0x0000000087ee5700,0x0000000088f00000)
 Metaspace       used 58546K, committed 59968K, reserved 1114112K
  class space    used 6207K, committed 6784K, reserved 1048576K
}
Event: 13.853 GC heap before
{Heap before GC invocations=80 (full 3):
 PSYoungGen      total 14336K, used 14099K [0x00000000d5580000, 0x00000000d6700000, 0x0000000100000000)
  eden space 12288K, 100% used [0x00000000d5580000,0x00000000d6180000,0x00000000d6180000)
  from space 2048K, 88% used [0x00000000d6500000,0x00000000d66c4cd8,0x00000000d6700000)
  to   space 2048K, 0% used [0x00000000d6300000,0x00000000d6300000,0x00000000d6500000)
 ParOldGen       total 146432K, used 129941K [0x0000000080000000, 0x0000000088f00000, 0x00000000d5580000)
  object space 146432K, 88% used [0x0000000080000000,0x0000000087ee5700,0x0000000088f00000)
 Metaspace       used 58554K, committed 59968K, reserved 1114112K
  class space    used 6207K, committed 6784K, reserved 1048576K
}

